18/10/2021 19:03:26 Can save best model only with val_acc available, skipping.
18/10/2021 19:03:26 Reduce LR on plateau conditioned on metric `val_acc` which is not available. Available metrics are: loss,accuracy,val_loss,val_accuracy,lr
18/10/2021 19:03:45 Can save best model only with val_acc available, skipping.
18/10/2021 19:03:45 Reduce LR on plateau conditioned on metric `val_acc` which is not available. Available metrics are: loss,accuracy,val_loss,val_accuracy,lr
18/10/2021 19:04:03 Can save best model only with val_acc available, skipping.
18/10/2021 19:04:03 Reduce LR on plateau conditioned on metric `val_acc` which is not available. Available metrics are: loss,accuracy,val_loss,val_accuracy,lr
18/10/2021 19:04:21 Can save best model only with val_acc available, skipping.
18/10/2021 19:04:21 Reduce LR on plateau conditioned on metric `val_acc` which is not available. Available metrics are: loss,accuracy,val_loss,val_accuracy,lr
18/10/2021 19:04:39 Can save best model only with val_acc available, skipping.
18/10/2021 19:04:39 Reduce LR on plateau conditioned on metric `val_acc` which is not available. Available metrics are: loss,accuracy,val_loss,val_accuracy,lr
18/10/2021 19:04:57 Can save best model only with val_acc available, skipping.
18/10/2021 19:04:57 Reduce LR on plateau conditioned on metric `val_acc` which is not available. Available metrics are: loss,accuracy,val_loss,val_accuracy,lr
18/10/2021 19:05:15 Can save best model only with val_acc available, skipping.
18/10/2021 19:05:15 Reduce LR on plateau conditioned on metric `val_acc` which is not available. Available metrics are: loss,accuracy,val_loss,val_accuracy,lr
18/10/2021 19:05:32 Can save best model only with val_acc available, skipping.
18/10/2021 19:05:32 Reduce LR on plateau conditioned on metric `val_acc` which is not available. Available metrics are: loss,accuracy,val_loss,val_accuracy,lr
18/10/2021 19:05:48 Can save best model only with val_acc available, skipping.
18/10/2021 19:05:48 Reduce LR on plateau conditioned on metric `val_acc` which is not available. Available metrics are: loss,accuracy,val_loss,val_accuracy,lr
18/10/2021 19:06:05 Can save best model only with val_acc available, skipping.
18/10/2021 19:06:05 Reduce LR on plateau conditioned on metric `val_acc` which is not available. Available metrics are: loss,accuracy,val_loss,val_accuracy,lr
18/10/2021 19:06:21 Can save best model only with val_acc available, skipping.
18/10/2021 19:06:21 Reduce LR on plateau conditioned on metric `val_acc` which is not available. Available metrics are: loss,accuracy,val_loss,val_accuracy,lr
18/10/2021 19:06:38 Can save best model only with val_acc available, skipping.
18/10/2021 19:06:38 Reduce LR on plateau conditioned on metric `val_acc` which is not available. Available metrics are: loss,accuracy,val_loss,val_accuracy,lr
18/10/2021 19:06:58 Can save best model only with val_acc available, skipping.
18/10/2021 19:06:58 Reduce LR on plateau conditioned on metric `val_acc` which is not available. Available metrics are: loss,accuracy,val_loss,val_accuracy,lr
18/10/2021 19:07:16 Can save best model only with val_acc available, skipping.
18/10/2021 19:07:16 Reduce LR on plateau conditioned on metric `val_acc` which is not available. Available metrics are: loss,accuracy,val_loss,val_accuracy,lr
18/10/2021 19:07:33 Can save best model only with val_acc available, skipping.
18/10/2021 19:07:33 Reduce LR on plateau conditioned on metric `val_acc` which is not available. Available metrics are: loss,accuracy,val_loss,val_accuracy,lr
18/10/2021 19:07:49 Can save best model only with val_acc available, skipping.
18/10/2021 19:07:49 Reduce LR on plateau conditioned on metric `val_acc` which is not available. Available metrics are: loss,accuracy,val_loss,val_accuracy,lr
18/10/2021 19:08:06 Can save best model only with val_acc available, skipping.
18/10/2021 19:08:06 Reduce LR on plateau conditioned on metric `val_acc` which is not available. Available metrics are: loss,accuracy,val_loss,val_accuracy,lr
18/10/2021 19:08:25 Can save best model only with val_acc available, skipping.
18/10/2021 19:08:25 Reduce LR on plateau conditioned on metric `val_acc` which is not available. Available metrics are: loss,accuracy,val_loss,val_accuracy,lr
18/10/2021 19:08:41 Can save best model only with val_acc available, skipping.
18/10/2021 19:08:41 Reduce LR on plateau conditioned on metric `val_acc` which is not available. Available metrics are: loss,accuracy,val_loss,val_accuracy,lr
18/10/2021 19:08:59 Can save best model only with val_acc available, skipping.
18/10/2021 19:08:59 Reduce LR on plateau conditioned on metric `val_acc` which is not available. Available metrics are: loss,accuracy,val_loss,val_accuracy,lr
25/10/2021 12:21:30 From C:\Users\abalm\anaconda3\lib\site-packages\tensorflow\python\training\tracking\tracking.py:111: Model.state_updates (from tensorflow.python.keras.engine.training) is deprecated and will be removed in a future version.
Instructions for updating:
This property should not be used in TensorFlow 2.0, as updates are applied automatically.
25/10/2021 12:21:30 From C:\Users\abalm\anaconda3\lib\site-packages\tensorflow\python\training\tracking\tracking.py:111: Layer.updates (from tensorflow.python.keras.engine.base_layer) is deprecated and will be removed in a future version.
Instructions for updating:
This property should not be used in TensorFlow 2.0, as updates are applied automatically.
25/10/2021 12:21:32 Assets written to: ./FeatureStore\melhorModeloCNN\assets
25/10/2021 12:22:51 Assets written to: ./FeatureStore\melhorModeloCNN\assets
25/10/2021 12:25:46 Assets written to: ./FeatureStore\melhorModeloCNN\assets
25/10/2021 12:27:36 Assets written to: ./FeatureStore\melhorModeloCNN\assets
25/10/2021 12:36:05 Assets written to: ./FeatureStore\melhorModeloCNN\assets
25/10/2021 12:39:11 Assets written to: ./FeatureStore\melhorModeloCNN\assets
25/10/2021 12:44:36 From C:\Users\abalm\anaconda3\lib\site-packages\tensorflow\python\training\tracking\tracking.py:111: Model.state_updates (from tensorflow.python.keras.engine.training) is deprecated and will be removed in a future version.
Instructions for updating:
This property should not be used in TensorFlow 2.0, as updates are applied automatically.
25/10/2021 12:44:36 From C:\Users\abalm\anaconda3\lib\site-packages\tensorflow\python\training\tracking\tracking.py:111: Layer.updates (from tensorflow.python.keras.engine.base_layer) is deprecated and will be removed in a future version.
Instructions for updating:
This property should not be used in TensorFlow 2.0, as updates are applied automatically.
25/10/2021 12:44:38 Assets written to: ./FeatureStore\melhorModeloCNN\assets
25/10/2021 12:46:12 From C:\Users\abalm\anaconda3\lib\site-packages\tensorflow\python\training\tracking\tracking.py:111: Model.state_updates (from tensorflow.python.keras.engine.training) is deprecated and will be removed in a future version.
Instructions for updating:
This property should not be used in TensorFlow 2.0, as updates are applied automatically.
25/10/2021 12:46:12 From C:\Users\abalm\anaconda3\lib\site-packages\tensorflow\python\training\tracking\tracking.py:111: Layer.updates (from tensorflow.python.keras.engine.base_layer) is deprecated and will be removed in a future version.
Instructions for updating:
This property should not be used in TensorFlow 2.0, as updates are applied automatically.
25/10/2021 12:46:14 Assets written to: ./FeatureStore\melhorModeloCNN\assets
25/10/2021 12:47:05 Assets written to: ./FeatureStore\melhorModeloCNN\assets
25/10/2021 12:49:52 Assets written to: ./FeatureStore\melhorModeloCNN\assets
25/10/2021 12:50:41 Assets written to: ./FeatureStore\melhorModeloCNN\assets
25/10/2021 12:51:07 Assets written to: ./FeatureStore\melhorModeloCNN\assets
25/10/2021 12:52:21 Assets written to: ./FeatureStore\melhorModeloCNN\assets
25/10/2021 12:55:30 Assets written to: ./FeatureStore\melhorModeloCNN\assets
25/10/2021 13:09:41 From C:\Users\abalm\anaconda3\lib\site-packages\tensorflow\python\training\tracking\tracking.py:111: Model.state_updates (from tensorflow.python.keras.engine.training) is deprecated and will be removed in a future version.
Instructions for updating:
This property should not be used in TensorFlow 2.0, as updates are applied automatically.
25/10/2021 13:09:41 From C:\Users\abalm\anaconda3\lib\site-packages\tensorflow\python\training\tracking\tracking.py:111: Layer.updates (from tensorflow.python.keras.engine.base_layer) is deprecated and will be removed in a future version.
Instructions for updating:
This property should not be used in TensorFlow 2.0, as updates are applied automatically.
25/10/2021 13:09:43 Assets written to: ./FeatureStore\melhorModeloCNN\assets
25/10/2021 13:13:19 Assets written to: ./FeatureStore\melhorModeloCNN\assets
25/10/2021 13:13:48 Assets written to: ./FeatureStore\melhorModeloCNN\assets
25/10/2021 13:14:18 Assets written to: ./FeatureStore\melhorModeloCNN\assets
25/10/2021 13:14:44 Assets written to: ./FeatureStore\melhorModeloCNN\assets
25/10/2021 13:15:09 Assets written to: ./FeatureStore\melhorModeloCNN\assets
25/10/2021 13:44:24 From C:\Users\abalm\anaconda3\lib\site-packages\tensorflow\python\training\tracking\tracking.py:111: Model.state_updates (from tensorflow.python.keras.engine.training) is deprecated and will be removed in a future version.
Instructions for updating:
This property should not be used in TensorFlow 2.0, as updates are applied automatically.
25/10/2021 13:44:24 From C:\Users\abalm\anaconda3\lib\site-packages\tensorflow\python\training\tracking\tracking.py:111: Layer.updates (from tensorflow.python.keras.engine.base_layer) is deprecated and will be removed in a future version.
Instructions for updating:
This property should not be used in TensorFlow 2.0, as updates are applied automatically.
25/10/2021 13:44:26 Assets written to: ./FeatureStore\melhorModeloCNN\assets
25/10/2021 13:45:35 Assets written to: ./FeatureStore\melhorModeloCNN\assets
25/10/2021 13:48:09 Assets written to: ./FeatureStore\melhorModeloCNN\assets
25/10/2021 13:49:16 Assets written to: ./FeatureStore\melhorModeloCNN\assets
25/10/2021 13:51:09 Assets written to: ./FeatureStore\melhorModeloCNN\assets
25/10/2021 14:02:38 From C:\Users\abalm\anaconda3\lib\site-packages\tensorflow\python\training\tracking\tracking.py:111: Model.state_updates (from tensorflow.python.keras.engine.training) is deprecated and will be removed in a future version.
Instructions for updating:
This property should not be used in TensorFlow 2.0, as updates are applied automatically.
25/10/2021 14:02:38 From C:\Users\abalm\anaconda3\lib\site-packages\tensorflow\python\training\tracking\tracking.py:111: Layer.updates (from tensorflow.python.keras.engine.base_layer) is deprecated and will be removed in a future version.
Instructions for updating:
This property should not be used in TensorFlow 2.0, as updates are applied automatically.
25/10/2021 14:02:40 Assets written to: ./FeatureStore\melhorModeloCNN\assets
25/10/2021 14:03:31 Assets written to: ./FeatureStore\melhorModeloCNN\assets
25/10/2021 14:04:22 Assets written to: ./FeatureStore\melhorModeloCNN\assets
25/10/2021 14:06:01 Assets written to: ./FeatureStore\melhorModeloCNN\assets
25/10/2021 14:08:52 Assets written to: ./FeatureStore\melhorModeloCNN\assets
25/10/2021 14:09:42 Assets written to: ./FeatureStore\melhorModeloCNN\assets
25/10/2021 14:21:16 From C:\Users\abalm\anaconda3\lib\site-packages\tensorflow\python\training\tracking\tracking.py:111: Model.state_updates (from tensorflow.python.keras.engine.training) is deprecated and will be removed in a future version.
Instructions for updating:
This property should not be used in TensorFlow 2.0, as updates are applied automatically.
25/10/2021 14:21:16 From C:\Users\abalm\anaconda3\lib\site-packages\tensorflow\python\training\tracking\tracking.py:111: Layer.updates (from tensorflow.python.keras.engine.base_layer) is deprecated and will be removed in a future version.
Instructions for updating:
This property should not be used in TensorFlow 2.0, as updates are applied automatically.
25/10/2021 14:21:18 Assets written to: ./FeatureStore\melhorModeloCNN\assets
25/10/2021 14:23:41 Assets written to: ./FeatureStore\melhorModeloCNN\assets
25/10/2021 14:27:58 Assets written to: ./FeatureStore\melhorModeloCNN\assets
25/10/2021 14:29:23 Assets written to: ./FeatureStore\melhorModeloCNN\assets
25/10/2021 14:30:26 Assets written to: ./FeatureStore\melhorModeloCNN\assets
25/10/2021 14:30:57 Assets written to: ./FeatureStore\melhorModeloCNN\assets
25/10/2021 14:37:51 Assets written to: ./FeatureStore\melhorModeloCNN\assets
25/10/2021 15:05:48 From C:\Users\abalm\anaconda3\lib\site-packages\tensorflow\python\training\tracking\tracking.py:111: Model.state_updates (from tensorflow.python.keras.engine.training) is deprecated and will be removed in a future version.
Instructions for updating:
This property should not be used in TensorFlow 2.0, as updates are applied automatically.
25/10/2021 15:05:48 From C:\Users\abalm\anaconda3\lib\site-packages\tensorflow\python\training\tracking\tracking.py:111: Layer.updates (from tensorflow.python.keras.engine.base_layer) is deprecated and will be removed in a future version.
Instructions for updating:
This property should not be used in TensorFlow 2.0, as updates are applied automatically.
25/10/2021 15:05:49 Assets written to: ./FeatureStore\melhorModeloCNN\assets
25/10/2021 15:07:36 Assets written to: ./FeatureStore\melhorModeloCNN\assets
25/10/2021 15:08:31 Assets written to: ./FeatureStore\melhorModeloCNN\assets
25/10/2021 15:09:00 Assets written to: ./FeatureStore\melhorModeloCNN\assets
25/10/2021 15:10:47 Assets written to: ./FeatureStore\melhorModeloCNN\assets
25/10/2021 15:15:55 Assets written to: ./FeatureStore\melhorModeloCNN\assets
25/10/2021 15:23:34 From C:\Users\abalm\anaconda3\lib\site-packages\tensorflow\python\training\tracking\tracking.py:111: Model.state_updates (from tensorflow.python.keras.engine.training) is deprecated and will be removed in a future version.
Instructions for updating:
This property should not be used in TensorFlow 2.0, as updates are applied automatically.
25/10/2021 15:23:34 From C:\Users\abalm\anaconda3\lib\site-packages\tensorflow\python\training\tracking\tracking.py:111: Layer.updates (from tensorflow.python.keras.engine.base_layer) is deprecated and will be removed in a future version.
Instructions for updating:
This property should not be used in TensorFlow 2.0, as updates are applied automatically.
25/10/2021 15:23:36 Assets written to: ./FeatureStore\melhorModeloCNN\assets
25/10/2021 15:24:06 Assets written to: ./FeatureStore\melhorModeloCNN\assets
25/10/2021 15:27:48 Assets written to: ./FeatureStore\melhorModeloCNN\assets
25/10/2021 15:28:20 Assets written to: ./FeatureStore\melhorModeloCNN\assets
25/10/2021 15:30:53 Assets written to: ./FeatureStore\melhorModeloCNN\assets
25/10/2021 15:38:45 From C:\Users\abalm\anaconda3\lib\site-packages\tensorflow\python\training\tracking\tracking.py:111: Model.state_updates (from tensorflow.python.keras.engine.training) is deprecated and will be removed in a future version.
Instructions for updating:
This property should not be used in TensorFlow 2.0, as updates are applied automatically.
25/10/2021 15:38:46 From C:\Users\abalm\anaconda3\lib\site-packages\tensorflow\python\training\tracking\tracking.py:111: Layer.updates (from tensorflow.python.keras.engine.base_layer) is deprecated and will be removed in a future version.
Instructions for updating:
This property should not be used in TensorFlow 2.0, as updates are applied automatically.
25/10/2021 15:38:47 Assets written to: ./FeatureStore\melhorModeloCNN\assets
25/10/2021 15:39:13 Assets written to: ./FeatureStore\melhorModeloCNN\assets
25/10/2021 15:39:39 Assets written to: ./FeatureStore\melhorModeloCNN\assets
25/10/2021 15:40:27 Assets written to: ./FeatureStore\melhorModeloCNN\assets
25/10/2021 15:42:23 Assets written to: ./FeatureStore\melhorModeloCNN\assets
25/10/2021 15:43:35 Assets written to: ./FeatureStore\melhorModeloCNN\assets
