14/09/2021 09:13:26 
>> ColabFiltraUsuariosOutliers
14/09/2021 09:13:28 filtrando users com playlist entre 50 e 2000
14/09/2021 09:13:28 NumExpr defaulting to 4 threads.
14/09/2021 09:13:29 MusUsers shape apos filtro (2804323, 3)
14/09/2021 09:13:33 MusUsers describe apos filtro                                   userid  ...               id_musica
count                            2804323  ...                 2804323
unique                             10369  ...                  131148
top     f2604a69836c94d00fcd11dd602944fc  ...  6GyFP1nfCDB8lbD2bG0Hq9
freq                                1988  ...                    1759

[4 rows x 3 columns]
14/09/2021 09:13:33 dfCountPerUser describe apos filtro               nrows
count  10369.000000
mean     270.452599
std      256.371166
min       51.000000
25%      105.000000
50%      186.000000
75%      336.000000
max     1988.000000
14/09/2021 09:13:37 Dominio de musicas para Colab =(131949,)
14/09/2021 09:13:54 
<< ColabFiltraUsuariosOutliers
14/09/2021 09:14:02 
>> ColabPreProcessamento
14/09/2021 09:14:03 filtrando users com playlist entre 50 e 120
14/09/2021 09:14:03 NumExpr defaulting to 4 threads.
14/09/2021 09:14:03 listaUsers 3191
14/09/2021 09:18:19 
<< ColabPreProcessamento

>> ColabProcessaUsuariosVizinhos: DescobreVizinhos de UserA e UserAbarra
ColabMusUsersEsparsa shape (3191, 131950)
vizinhos de A:
d775ddcbd53ec7b8f0c8abd939e886a7 0.9877750611246944
[[131131    102]
 [   706     10]]
10d0b4120d569bca4cafd7f9402c46fb 0.9884910485933504
[[131167     66]
 [   707      9]]
6d9cc3547ffe504e7b8bf407a1d53a45 0.9897039897039897
[[131172     61]
 [   708      8]]
0450d61bf1256022a2b20a507b885ba4 0.9900373599003736
[[131146     87]
 [   708      8]]
3fcd29f727395750f7137d5e70599271 0.9900373599003736
[[131146     87]
 [   708      8]]
06119b49065343b6925a3acf5c2d0050 0.9901960784313726
[[131133    100]
 [   708      8]]
ddd3b398918a64ad379d9c11785b48d3 0.9902557856272838
[[131128    105]
 [   708      8]]
5eb7e0988d26bfc3263aeb80682e8a2f 0.9902794653705954
[[131126    107]
 [   708      8]]
5717cb64e3c998de10dc8f3ef1a10417 0.9903264812575574
[[131122    111]
 [   708      8]]
778101c03a6139211442a755f4be2f0a 0.9908256880733946
[[131186     47]
 [   709      7]]
6736a1e234690cf01d4de0f0c619ced8 0.9908496732026144
[[131184     49]
 [   709      7]]
6c109421786458b698d5db6f4899f09c 0.9908972691807543
[[131180     53]
 [   709      7]]
724d66c0cc6ff21f598099b12c760ed6 0.9910714285714286
[[131165     68]
 [   709      7]]
991b695010da11795d462d40eb159599 0.9912060301507538
[[131153     80]
 [   709      7]]
bf5f894d3472002d11e3b27845c5e19d 0.9912060301507538
[[131153     80]
 [   709      7]]
b79b3cd28baff62a87737127b38bb200 0.9912390488110138
[[131150     83]
 [   709      7]]
fbc5322c896600be58ead66b31798738 0.9912826899128269
[[131146     87]
 [   709      7]]
a49eb687e8472b2217a956749ecfa508 0.9913151364764268
[[131143     90]
 [   709      7]]
6573a8995d1decd78979b7aa95994222 0.9913686806411838
[[131138     95]
 [   709      7]]
9ccd60dce6c3de60f9cc0b54d5d6565c 0.9914004914004914
[[131135     98]
 [   709      7]]
vizinhos de A shape:(20, 2)
vizinhos de Abarra:
d2d7d243eaf6bb0590d983a2a8092343 0.9788617886178862
[[131334     64]
 [   538     13]]
02a317704e495602eb00a4179727f92b 0.9795918367346939
[[131312     86]
 [   538     13]]
431f823ae0e6a99573eff3141c4764ed 0.9796238244514106
[[131311     87]
 [   538     13]]
0b0968e3a11618f00d683624996d6177 0.9818481848184818
[[131343     55]
 [   540     11]]
b79b3cd28baff62a87737127b38bb200 0.9825396825396825
[[131319     79]
 [   540     11]]
857f1cbf46d8ace1c29201278d2d891f 0.984472049689441
[[131305     93]
 [   541     10]]
a93c226b89ddbc26a4d531941c660f89 0.9848484848484849
[[131355     43]
 [   542      9]]
c94062251bd18a5fec327a23e8afcd81 0.9856
[[131324     74]
 [   542      9]]
2fcd3d78a3d786e1a264c1850731ddaa 0.9860248447204969
[[131305     93]
 [   542      9]]
cd8589b46ab8d1bb741c20991581b816 0.9863636363636363
[[131289    109]
 [   542      9]]
07a2c9be15badfb0415acaecfe5d52ce 0.987012987012987
[[131333     65]
 [   543      8]]
3f549a3050b5c03d5dd112f2b54aec60 0.9872813990461049
[[131320     78]
 [   543      8]]
bf95b22e6f2dde82074103360c785658 0.9873217115689382
[[131318     80]
 [   543      8]]
082f6b356cb7b3e5ff7b6fa26aa317bc 0.9876352395672334
[[131302     96]
 [   543      8]]
159864a7c98be99f6d86225357829b31 0.9878419452887538
[[131291    107]
 [   543      8]]
d58be940158a8cd79017ba4a6f29e2ee 0.9878419452887538
[[131291    107]
 [   543      8]]
3b08884ce627b15e0ce67e7a34da0f63 0.9878603945371776
[[131290    108]
 [   543      8]]
bb2e7bc3ee083418684c069946f80694 0.988313856427379
[[131350     48]
 [   544      7]]
ff9ed467e79b809adfc8f045a906549d 0.988313856427379
[[131350     48]
 [   544      7]]
cc7f73ea488be6e4f72059e0399281e8 0.9884105960264901
[[131345     53]
 [   544      7]]
vizinhos de Abarra shape:(20, 2)

<< ColabProcessaUsuariosVizinhos
14/09/2021 09:19:10 
>> ColabPreProcessamento
14/09/2021 09:19:11 filtrando users com playlist entre 121 e 200
14/09/2021 09:19:11 NumExpr defaulting to 4 threads.
14/09/2021 09:19:12 listaUsers 2214
14/09/2021 09:22:19 
<< ColabPreProcessamento

>> ColabProcessaUsuariosVizinhos: DescobreVizinhos de UserA e UserAbarra
ColabMusUsersEsparsa shape (2214, 131950)
vizinhos de A:
28c5b1d357cb414f140be7f2b662f5b3 0.9706242350061199
[[131132    101]
 [   692     24]]
0ff9b681f4dfa0e263df690a81240089 0.97610513739546
[[131112    121]
 [   696     20]]
7619c2519898d5687b5612bdc23e832e 0.9813084112149533
[[131093    140]
 [   700     16]]
70187af7f7d920b8981f375dce21ae2a 0.9822064056939501
[[131106    127]
 [   701     15]]
5ee1b8672fc44873b35aac722ecc6f27 0.9841269841269841
[[131067    166]
 [   702     14]]
1eee7fdc81a96e53dd0f4b60950db25f 0.9857651245551602
[[131106    127]
 [   704     12]]
be11463c8b6d1877061e038e44c53310 0.986013986013986
[[131091    142]
 [   704     12]]
e827a62151dfd7dec850d3764e1cbcf7 0.9864559819413092
[[131063    170]
 [   704     12]]
4c1521fbac2a52f1577a1db44b52bd10 0.9864712514092446
[[131062    171]
 [   704     12]]
f61acd8e138386081e127b648af1f1cf 0.9865016872890888
[[131060    173]
 [   704     12]]
a2e79c21c5dfa7110022e566e0835b91 0.9865319865319865
[[131058    175]
 [   704     12]]
fea1a91040b2898c4f46f3fdf4444398 0.9866071428571429
[[131053    180]
 [   704     12]]
10760e1ba32af509924a8ba9075cb983 0.9866814650388457
[[131048    185]
 [   704     12]]
cd2892d86e57d8d2218a2a0715611ee8 0.9869513641755635
[[131106    127]
 [   705     11]]
3da7de76dd0e1a023337fd08b08ba1e0 0.9873417721518988
[[131080    153]
 [   705     11]]
c12d82d8a9bd76f1000f7447434c6400 0.9875706214689266
[[131064    169]
 [   705     11]]
5d2a8bcc65c299c014b834271b350acd 0.9876126126126126
[[131061    172]
 [   705     11]]
3453201f8858748d91bcd2f96cb6261f 0.9876543209876543
[[131058    175]
 [   705     11]]
ce498edc2f661fa899473500650c6a2e 0.9883720930232558
[[131089    144]
 [   706     10]]
da7adb77e684489b496df276354d21fb 0.9884259259259259
[[131085    148]
 [   706     10]]
vizinhos de A shape:(40, 2)
vizinhos de Abarra:
2f67baa8719b93c030618a6286c4b6f3 0.9729323308270676
[[131284    114]
 [   533     18]]
e9df7a35882b1559d2d8843a54320604 0.9745403111739745
[[131242    156]
 [   533     18]]
e57987b6382768b4a0ba21e03d4d6b41 0.9797395079594791
[[131258    140]
 [   537     14]]
fa9855d35565d8eec5092ec61e29d245 0.9806094182825484
[[131227    171]
 [   537     14]]
0d86bd72cc757df74bf6b23ef6c5a154 0.9806094182825484
[[131227    171]
 [   537     14]]
9eed5a9cd6b6035e5078ad7626f22fe9 0.9806835066864784
[[131276    122]
 [   538     13]]
c780f8e3e2134c80143100d4130886b0 0.9807407407407407
[[131274    124]
 [   538     13]]
a5f8cdf3fad077b5a2ea527f55ee9aea 0.9816901408450704
[[131239    159]
 [   538     13]]
60e89bf9d354ed202ca1a53a6cf4b01e 0.9816901408450704
[[131239    159]
 [   538     13]]
1b1620b8dcb87d07d38f7f8152ed07cf 0.9819444444444444
[[131229    169]
 [   538     13]]
30dcecd044c8e5fc0effe6a6e7030495 0.9820689655172414
[[131224    174]
 [   538     13]]
5802de801b5d4bbecb2d22291c2ae4f0 0.9829302987197724
[[131246    152]
 [   539     12]]
d0415e7271027f9ac8eedc92db044c65 0.9830747531734838
[[131240    158]
 [   539     12]]
feaa165ade7b4b38de5ec87d22f4eff7 0.983448275862069
[[131224    174]
 [   539     12]]
8bba6ebb157aacc71da419e91d8e9ff8 0.9834834834834835
[[131283    115]
 [   540     11]]
0ca259695043e900c0e320a79be12abc 0.9838709677419355
[[131267    131]
 [   540     11]]
152966e12628a99cb2030cd9a12639e3 0.986764705882353
[[131269    129]
 [   542      9]]
c2b2ba12ffcdc85ffe8a6507c70ba14b 0.9871611982881597
[[131248    150]
 [   542      9]]
298c1f9665926575da570976d3d4235c 0.9871977240398293
[[131246    152]
 [   542      9]]
ec0dacc996c178d274cfa0af4d98af9e 0.9873949579831933
[[131235    163]
 [   542      9]]
vizinhos de Abarra shape:(40, 2)

<< ColabProcessaUsuariosVizinhos
14/09/2021 09:22:58 
>> ColabPreProcessamento
14/09/2021 09:22:59 filtrando users com playlist entre 201 e 270
14/09/2021 09:23:00 NumExpr defaulting to 4 threads.
14/09/2021 09:23:00 listaUsers 1332
14/09/2021 09:24:53 
<< ColabPreProcessamento

>> ColabProcessaUsuariosVizinhos: DescobreVizinhos de UserA e UserAbarra
ColabMusUsersEsparsa shape (1332, 131950)
vizinhos de A:
7473dc79603d0536b2dba55f32c8e9d5 0.978401727861771
[[131023    210]
 [   696     20]]
bdaa31836fbca8c96f923d238d9f7635 0.9811122770199371
[[130996    237]
 [   698     18]]
16e86fd097f37e8dba61a329532fde73 0.9825708061002179
[[131031    202]
 [   700     16]]
a4282c5fcffff8e0d63d9f0d55285dc7 0.9826275787187839
[[131028    205]
 [   700     16]]
93ceb2cfdfc4a4466ad8dc405b8ea6a7 0.9829242262540021
[[131012    221]
 [   700     16]]
75b921893c219e4d45b252b4208a249f 0.9854014598540146
[[130990    243]
 [   702     14]]
105136e26bea4c13631c64a652c851d0 0.9854620976116303
[[130986    247]
 [   702     14]]
6c126d0f4393a93be6da0dcb5c9f5140 0.9858233369683751
[[131032    201]
 [   703     13]]
a82082fce995b23743a36fc6170c3dd6 0.986021505376344
[[131019    214]
 [   703     13]]
ae09862b3676fa17b2e5200161645489 0.9863013698630136
[[131000    233]
 [   703     13]]
1fcaba01f9181c81355b31956d68a6c9 0.9865145228215768
[[130985    248]
 [   703     13]]
9ccce7660e135b062de6e3b617070d93 0.9867986798679867
[[131040    193]
 [   704     12]]
363789606e5fb14b2892c3c0275aab24 0.987220447284345
[[131010    223]
 [   704     12]]
02583d5042e95955cf582682e2459fb5 0.9872340425531915
[[131009    224]
 [   704     12]]
9b23533f5f8bf84b69cd1d66301f09f5 0.9872746553552492
[[131006    227]
 [   704     12]]
57091e91244877325d8f6bef79bb6d40 0.9876160990712074
[[130980    253]
 [   704     12]]
0094bb6a43cc8def50d85335f9edcb79 0.987885462555066
[[131041    192]
 [   705     11]]
9320437a9e22694132457ad8790d4ac1 0.9878987898789879
[[131040    193]
 [   705     11]]
b3cf8b6318228d77d566eb21bf4cd872 0.9879649890590809
[[131035    198]
 [   705     11]]
5cf7e94b0ef748fe5cd261054cbf40ec 0.9880304678998912
[[131030    203]
 [   705     11]]
vizinhos de A shape:(60, 2)
vizinhos de Abarra:
e0ab16b0f642ba9fb8cc4e90479014cf 0.9729032258064516
[[131174    224]
 [   530     21]]
6bd5941ff0cde3dc28ed7f68a9ab0b8d 0.9748110831234257
[[131155    243]
 [   531     20]]
849a62ca6f5b1f2cbd4b3e38ff0964a2 0.9786950732356857
[[131198    200]
 [   535     16]]
c6f591538735f1c7c25964edfcbe81b8 0.9788029925187033
[[131147    251]
 [   534     17]]
07e5c882f2972e3375203576d5e73c25 0.9794079794079794
[[131172    226]
 [   535     16]]
6f55ff7c081bf6060595de686584fe5b 0.9802631578947368
[[131189    209]
 [   536     15]]
b3cf8b6318228d77d566eb21bf4cd872 0.9812332439678284
[[131203    195]
 [   537     14]]
f5f2e14652a2426a8504dac270eba010 0.9830729166666666
[[131181    217]
 [   538     13]]
978420ddcbfb7421dcb5df9ddd8c8bbd 0.983225806451613
[[131174    224]
 [   538     13]]
f27acd18f0dacfd119375a44bc6b9e05 0.983225806451613
[[131174    224]
 [   538     13]]
441230b7eebc6a60e3fe16866ab3db2f 0.9839357429718876
[[131202    196]
 [   539     12]]
5020b69b2434acf541d854e8e8e1ae4b 0.9842105263157894
[[131189    209]
 [   539     12]]
a82082fce995b23743a36fc6170c3dd6 0.9843342036553525
[[131183    215]
 [   539     12]]
fa7fdb46a1bffc6870a223574ff315bf 0.9847522236340533
[[131162    236]
 [   539     12]]
28fa50aba90d5277021d806ac8126262 0.9848101265822785
[[131159    239]
 [   539     12]]
7642fba31bd7eba889b8d9da8b39a59e 0.9849056603773585
[[131154    244]
 [   539     12]]
3bb2a66276b5e77e0963ab2754c09d29 0.9849246231155779
[[131153    245]
 [   539     12]]
1845fa32135f0027419ccb20d4bfb2be 0.9850187265917603
[[131148    250]
 [   539     12]]
cf788d4ebadb0a7eac264bc7c7275794 0.9861111111111112
[[131157    241]
 [   540     11]]
64e235247e2617c1d670781ff2897660 0.9861460957178841
[[131155    243]
 [   540     11]]
vizinhos de Abarra shape:(60, 2)

<< ColabProcessaUsuariosVizinhos
14/09/2021 09:25:27 
>> ColabPreProcessamento
14/09/2021 09:25:28 filtrando users com playlist entre 271 e 400
14/09/2021 09:25:28 NumExpr defaulting to 4 threads.
14/09/2021 09:25:29 listaUsers 1456
14/09/2021 09:27:36 
<< ColabPreProcessamento

>> ColabProcessaUsuariosVizinhos: DescobreVizinhos de UserA e UserAbarra
ColabMusUsersEsparsa shape (1456, 131950)
vizinhos de A:
4112a2d73341b083607be0dbb918a9a0 0.9742612011439467
[[130900    333]
 [   689     27]]
e365600be668fea74dbe1383daba67bd 0.979381443298969
[[130979    254]
 [   696     20]]
cc025c7adbbd08aa3ae85baa1a2b783b 0.9810568295114656
[[130946    287]
 [   697     19]]
ec4ee589606b6698f0703f5c28c015ad 0.9812909260991581
[[130880    353]
 [   696     20]]
d85bc70f7c532bc3a0a79f718941c4e6 0.9824390243902439
[[130924    309]
 [   698     18]]
b9ec840811b24cfd16aad1174986bdc0 0.9824922760041195
[[130978    255]
 [   699     17]]
21039b5fe714caac94d84ec62a6ca74b 0.9827089337175793
[[130908    325]
 [   698     18]]
441b712a493053328ed7958a0f972523 0.9839167455061495
[[130892    341]
 [   699     17]]
676739353cddccd686f99add0cf28974 0.9839195979899498
[[130954    279]
 [   700     16]]
c16c6b9925db38069674f5a2c4b43dbb 0.9841860465116279
[[130874    359]
 [   699     17]]
fdeeb79b4f3e32f20a298a2581351a56 0.984390243902439
[[130924    309]
 [   700     16]]
e7d6d80f513ea9d4955e8d80d66bbdfa 0.984646878198567
[[130972    261]
 [   701     15]]
d38beb60845c14273f5c974a5f57c6d4 0.9852534562211982
[[130864    369]
 [   700     16]]
d6c62f726984278d2c6fe1e601001576 0.9852941176470589
[[130861    372]
 [   700     16]]
3de0bd45fe7752fec2c90c17e9f450a6 0.9854147675478578
[[130852    381]
 [   700     16]]
cf07786db7fe33a3aee51b2dd5746b85 0.9854413102820746
[[130850    383]
 [   700     16]]
2144cb6929bcc90fcbdc635a5b5070f6 0.9857288481141692
[[130968    265]
 [   702     14]]
8f058b77d271fae882c8a4411d258285 0.9864209505334627
[[130918    315]
 [   702     14]]
622a952f45a77d1e97adbbdb3ca67661 0.9865125240847784
[[130911    322]
 [   702     14]]
7ac6fcfd82397343d640ec79dcf79ef8 0.9866284622731614
[[130902    331]
 [   702     14]]
vizinhos de A shape:(80, 2)
vizinhos de Abarra:
c08f88e56ad2ee43da479aff3770dbfd 0.9715302491103203
[[131106    292]
 [   527     24]]
868abb81ec7b9d234c6bd51f1854a4bb 0.9726477024070022
[[131035    363]
 [   526     25]]
47519d15cea768eb66a0d7a1f87643cd 0.9767955801104973
[[131044    354]
 [   530     21]]
87d4f141a47677a7db724054f08d6c57 0.9778024417314095
[[131048    350]
 [   531     20]]
4b8a63d1eecb9b2c10ad53cbb7e2eafb 0.9784824462061155
[[131066    332]
 [   532     19]]
31b9491e096e543e4a5d4728d0636ab8 0.9792147806004619
[[131083    315]
 [   533     18]]
a5a57ff90e8cc0cbc435f44592b3844d 0.9792387543252595
[[131082    316]
 [   533     18]]
89d9830c8028e7e719064b1203a128b9 0.9796149490373726
[[131066    332]
 [   533     18]]
2e1e456d87fa1dac87613b58ae0893c4 0.9800235017626322
[[131098    300]
 [   534     17]]
8c9bc9ec5746f3a77778573201c0c9ad 0.9803707742639041
[[131032    366]
 [   533     18]]
acc2c0e2599ee0fd18c1d825e11f7265 0.9804822043628014
[[131078    320]
 [   534     17]]
9289e67f02670ef5220221faf15bce81 0.9823399558498896
[[131043    355]
 [   535     16]]
a51bf8359b92019872ae25be2edcfe5f 0.9827981651376146
[[131077    321]
 [   536     15]]
791275639c866e0c0e131915029e6053 0.9829683698296837
[[131127    271]
 [   537     14]]
43d8071132b3870f6f94e444a2f7a29e 0.9836065573770492
[[131095    303]
 [   537     14]]
0b7a446914514b3940a376d93128d6cf 0.9837962962962963
[[131085    313]
 [   537     14]]
0bd59d12e3c2e64b1cb6c83ccac29522 0.9838709677419355
[[131081    317]
 [   537     14]]
280329ed274cc4ec82eeca344dfc2f07 0.9838895281933256
[[131080    318]
 [   537     14]]
171339d6b9a5b261fc7e08b0d5358d57 0.9841269841269841
[[131130    268]
 [   538     13]]
052c20479ab8562fc68871770e2b6d69 0.9842424242424243
[[131124    274]
 [   538     13]]
vizinhos de Abarra shape:(80, 2)

<< ColabProcessaUsuariosVizinhos
14/09/2021 09:28:10 
>> ColabPreProcessamento
14/09/2021 09:28:12 filtrando users com playlist entre 401 e 700
14/09/2021 09:28:12 NumExpr defaulting to 4 threads.
14/09/2021 09:28:13 listaUsers 1301
14/09/2021 09:30:04 
<< ColabPreProcessamento

>> ColabProcessaUsuariosVizinhos: DescobreVizinhos de UserA e UserAbarra
ColabMusUsersEsparsa shape (1301, 131950)
vizinhos de A:
440335af03b7bf70932704f11dfc6849 0.9778688524590164
[[130729    504]
 [   689     27]]
0fcb39b49933824859a706f8c8c4b719 0.9783393501805054
[[130564    669]
 [   686     30]]
9d38e35145d8d5a87c47b0ae98a0a1e9 0.9819967266775778
[[130727    506]
 [   694     22]]
be238ba95fd7b6f8833830083f4f3005 0.982078853046595
[[130833    400]
 [   696     20]]
bbe0800f9d92567c537cdb12e1a830cc 0.9827586206896551
[[130847    386]
 [   697     19]]
42c81702bd5c6a09516915d832bfa3fd 0.9829749103942652
[[130833    400]
 [   697     19]]
da4cc956f9ba869aa36e5d0bb2435aca 0.9830645161290322
[[130709    524]
 [   695     21]]
67715cd3fbaaa9dafa1049095f953bc2 0.9833625218914186
[[130807    426]
 [   697     19]]
be1a09fa67367a6db614a6bc00de5079 0.9836660617059891
[[130847    386]
 [   698     18]]
9429383936f3e48c6b88ad8fa8ce2943 0.9837837837837838
[[130654    579]
 [   695     21]]
c6f45bd35c5614f8268b69cbb3739aa5 0.9842105263157894
[[130809    424]
 [   698     18]]
b4ad774f66dec2c72df2a36aff73cadb 0.9842814371257484
[[130613    620]
 [   695     21]]
ceb2af4187f6e34715593feb2f707f50 0.9845679012345679
[[130653    580]
 [   696     20]]
6e4855ad98cfcfdbff0806912125f76d 0.984577922077922
[[130717    516]
 [   697     19]]
e7f64d23e67f83ce714ac01fd69380c6 0.984689766317486
[[130708    525]
 [   697     19]]
4fc4f8ab00565aecb0a30f9e88418ed4 0.9849372384937238
[[130754    479]
 [   698     18]]
442012b3f234e812c2c5f7cfd8f18fbc 0.9849397590361446
[[130621    612]
 [   696     20]]
553a20c2ebc3619c5cf21e9dfa4ef5fd 0.9849624060150376
[[130619    614]
 [   696     20]]
93aa892d8c68a46a683d0b76a485fff3 0.9850483729111698
[[130812    421]
 [   699     17]]
91a3dc45b72dfd7d91e3ce82e5a670a6 0.9850863422291993
[[130675    558]
 [   697     19]]
vizinhos de A shape:(100, 2)
vizinhos de Abarra:
ec7982b06bc1b12e99b2b47cf6b666a3 0.9765784114052953
[[130967    431]
 [   528     23]]
f851fa3a7eadbe734d33a45926b2e5ed 0.9766454352441614
[[131007    391]
 [   529     22]]
889d11964f45b803195c3498a223fa61 0.9776833156216791
[[131008    390]
 [   530     21]]
feb84e7ac1f5a60963d40a0d4b6d8ad8 0.9794661190965093
[[130975    423]
 [   531     20]]
137de56145f2b889c4b8068f488f9daf 0.9803312629399586
[[130983    415]
 [   532     19]]
d9ae5a808d3212e9aef169001a655e16 0.9810344827586207
[[130789    609]
 [   529     22]]
be3f5e7b49affa61990e6b462817d4f6 0.9810756972111554
[[130945    453]
 [   532     19]]
4a65b8871a927ee801585f19661c45dc 0.9810964083175804
[[130891    507]
 [   531     20]]
5efc77b3cd29ed6ac791f1003001bfb2 0.981243830207305
[[130936    462]
 [   532     19]]
24234268ddbbd4421d00b0edeab1c77d 0.9813167259786477
[[130825    573]
 [   530     21]]
09b423f3b6f4ecdaca7e371b1cec7636 0.9813471502590674
[[130984    414]
 [   533     18]]
719ce52edb3588049081d954b12e07f3 0.9819639278557114
[[130951    447]
 [   533     18]]
0fd8d525475532aaf8acffd2668d3813 0.9825174825174825
[[130805    593]
 [   531     20]]
56f464c0b8d08932a2c0ca4ede2277f6 0.9825819672131147
[[130973    425]
 [   534     17]]
8ddf15b4c32db1a826aab76f43ebd3cc 0.9825847846012832
[[130858    540]
 [   532     19]]
c750ed82e6cc46f64da11e6c8c70c67f 0.9825997952917093
[[130972    426]
 [   534     17]]
b34be9134a0cd0d5f2c02d7224c61b8d 0.9826175869120655
[[130971    427]
 [   534     17]]
05c498fe2592eaa20c3b5efa537b20ce 0.9827302631578947
[[130733    665]
 [   530     21]]
b09385449a725763f3d25aa65be95daa 0.9827586206896551
[[130963    435]
 [   534     17]]
c81036938bcc98a5080bf4f155731004 0.9828209764918626
[[130843    555]
 [   532     19]]
vizinhos de Abarra shape:(100, 2)

<< ColabProcessaUsuariosVizinhos
14/09/2021 09:30:37 
>> ColabPreProcessamento
14/09/2021 09:30:38 filtrando users com playlist entre 701 e 1200
14/09/2021 09:30:38 NumExpr defaulting to 4 threads.
14/09/2021 09:30:38 listaUsers 512
14/09/2021 09:31:30 
<< ColabPreProcessamento

>> ColabProcessaUsuariosVizinhos: DescobreVizinhos de UserA e UserAbarra
ColabMusUsersEsparsa shape (512, 131950)
vizinhos de A:
277caa9d9c73131761440c642430319b 0.9802538787023978
[[130531    702]
 [   688     28]]
137403a48e27371b322fa5d75e64c6e4 0.981020942408377
[[130421    812]
 [   687     29]]
b60af45d21859a8f9fe65caa95628e28 0.9824135839902971
[[130300    933]
 [   687     29]]
950a14d1070955085ffc9eed4716ba7f 0.9827586206896551
[[130441    792]
 [   690     26]]
d509cf2f117a1c4ee310c87652d1f251 0.9834660134721371
[[130316    917]
 [   689     27]]
93000d9cad22c61869db84fb96c8b5c9 0.9836814621409922
[[130417    816]
 [   691     25]]
5118ca628dda8b7c33b7eb7931e5a73f 0.9839601769911505
[[130141   1092]
 [   687     29]]
5f24fa5469ce55fe882b6aeb942bba11 0.9843110504774898
[[130483    750]
 [   693     23]]
12e40499f6b7157d3aff55f060e5f3f9 0.9843847595252967
[[130348    885]
 [   691     25]]
9756fb8e8e8150b40d0cfd97388900b6 0.9844290657439446
[[130215   1018]
 [   689     27]]
6243d9bd97afa2771e37517270cd32db 0.9849056603773585
[[130359    874]
 [   692     24]]
211e61414829de1bdb85dcead6287042 0.9849865951742627
[[130084   1149]
 [   688     28]]
24b681215493a2de518c4e7a98ffcbaa 0.9849892780557541
[[130550    683]
 [   695     21]]
32bf6cdf577f4551f372cd52206306be 0.9858849077090119
[[130107   1126]
 [   690     26]]
78bf71f2bb5c828aad3a050047586dee 0.9862068965517241
[[130499    734]
 [   696     20]]
e94c454467df5037f9a5a781910f98e8 0.9863370201691607
[[130412    821]
 [   695     21]]
55f361fad00af15e96e790bc360ce1c6 0.9866017052375152
[[130307    926]
 [   694     22]]
cebc0571dba7053ec055f1f27604bf5d 0.9866385372714487
[[130527    706]
 [   697     19]]
dd38c2a219a2803b54b5719f3cbdb6aa 0.9866399465597863
[[130452    781]
 [   696     20]]
1230be2648e39fb909517e30e6033c10 0.9866760168302945
[[130523    710]
 [   697     19]]
vizinhos de A shape:(120, 2)
vizinhos de Abarra:
5750a33e48cb55101414a254019c0687 0.9757174392935982
[[130590    808]
 [   518     33]]
3cfeb4a26363301934c17c9fadac3bfa 0.9772256728778468
[[130500    898]
 [   518     33]]
31c478c2aad4d0137ac08512ba25867f 0.9781954887218045
[[130619    779]
 [   522     29]]
3f0de935758bb29145611c83acc2786b 0.9805573558003888
[[130406    992]
 [   521     30]]
6b733f10109dddca07866f8cd8875c85 0.9814540059347181
[[130601    797]
 [   526     25]]
11208b7680bd92c68592693f62d34239 0.9829329962073325
[[130367   1031]
 [   524     27]]
6eeaf86eb5507422ad0f8eb5a3b28944 0.9829424307036247
[[130542    856]
 [   527     24]]
923c7ff3ade0af8f4a32d43720d17620 0.9832102081934184
[[130460    938]
 [   526     25]]
04fdb72192881895cdcd0fef3adbdd15 0.9834462001504891
[[130620    778]
 [   529     22]]
c85d7aa63cf4f2a02286c0badd37b1a9 0.9838187702265372
[[130713    685]
 [   531     20]]
c381fa5affd6eb78be34e8f8f8cf58a6 0.9840848806366048
[[130441    957]
 [   527     24]]
397089372dd981478a3a0bda122cd7c4 0.9842931937172775
[[130612    786]
 [   530     21]]
3775154ff213395b08b4ccf1eba8f3e2 0.9843382928739233
[[130672    726]
 [   531     20]]
b714b81d741f683eb1d8f409153277c0 0.9846531614487416
[[130320   1078]
 [   526     25]]
cebc0571dba7053ec055f1f27604bf5d 0.984884645982498
[[130692    706]
 [   532     19]]
6fc611e9766aaec732410b1e6212ccc5 0.9849306811332128
[[130290   1108]
 [   526     25]]
a5454a22ecd0d9ace6c36b427f586b93 0.9850187265917603
[[130614    784]
 [   531     20]]
1b41d6b49e85f0a16f15fac25f924aae 0.9850552306692657
[[130410    988]
 [   528     23]]
fccf4fe64593304bc46b6e0a1ace91b7 0.9852280025690431
[[130392   1006]
 [   528     23]]
137403a48e27371b322fa5d75e64c6e4 0.9854227405247813
[[130577    821]
 [   531     20]]
vizinhos de Abarra shape:(120, 2)

<< ColabProcessaUsuariosVizinhos
14/09/2021 09:31:56 
>> ColabPreProcessamento
14/09/2021 09:31:58 filtrando users com playlist entre 1201 e 2000
14/09/2021 09:31:58 NumExpr defaulting to 4 threads.
14/09/2021 09:31:59 listaUsers 160
14/09/2021 09:32:21 
<< ColabPreProcessamento

>> ColabProcessaUsuariosVizinhos: DescobreVizinhos de UserA e UserAbarra
ColabMusUsersEsparsa shape (160, 131950)
vizinhos de A:
793bca611ca9d783dd49ca8b1ef5e58d 0.9779874213836478
[[130041   1192]
 [   674     42]]
1ed31a332fb451c36a93c6a9d791fb73 0.9814145585957667
[[130012   1221]
 [   680     36]]
380246124c11b4de49ca9f82b89ee971 0.9814814814814815
[[130059   1174]
 [   681     35]]
8873e03b8622c5354a7600591a7adfde 0.9828118113706479
[[129680   1553]
 [   677     39]]
6a70dc170abd576171d74f1e63b4c903 0.9853709508881923
[[130035   1198]
 [   688     28]]
5c71e5b64e184b46edd84afd44ad0a46 0.9868061874431301
[[129751   1482]
 [   687     29]]
00dd7fde8040db835d917e077bb47e4b 0.9870588235294118
[[129399   1834]
 [   683     33]]
ce7e417103da08f74a17f1324099e035 0.9871205151793928
[[129775   1458]
 [   688     28]]
6bfd867c3bfd8aaf6c963c900d92e76e 0.987693710118505
[[129755   1478]
 [   689     27]]
be025481e694f545dbe01082e2ef7a67 0.9877551020408163
[[129744   1489]
 [   689     27]]
5218ec8f045c99cfc66bbbbbd61c25c8 0.9880478087649402
[[129941   1292]
 [   692     24]]
718037f0e3fc772ec4616e5dca986361 0.9880847308031774
[[129683   1550]
 [   689     27]]
fdaa36b2af00504f6b77c05826a271c0 0.9886755292959133
[[129918   1315]
 [   693     23]]
84d3144396e1404debb8a63448edd8ca 0.9886980108499096
[[129737   1496]
 [   691     25]]
bd4611f1888c0b9a142ed5697743dc14 0.9890681936491411
[[130028   1205]
 [   695     21]]
deb505ddd9cc64080d64ed45b7f02d5e 0.9894046417759839
[[129967   1266]
 [   695     21]]
072f97536340ac57a8becca9e035e36a 0.9894636015325671
[[129861   1372]
 [   694     22]]
bbedd2e9cb9298a8fdca1d216d3067e6 0.9897750511247444
[[129993   1240]
 [   696     20]]
cc83579aa6ecfa7d34e0cdd8a63cdddb 0.9898167006109979
[[129494   1739]
 [   691     25]]
4b1410d73c14563b358b2c5afabdd219 0.990041928721174
[[130041   1192]
 [   697     19]]
vizinhos de A shape:(140, 2)
vizinhos de Abarra:
ca66c0dba50b8b2269c560a592cd5d44 0.9826897470039947
[[129696   1702]
 [   512     39]]
072f97536340ac57a8becca9e035e36a 0.9827405857740585
[[130037   1361]
 [   518     33]]
1b3f1b61de428c29df865a9ed8830a78 0.9834285714285714
[[130199   1199]
 [   522     29]]
d8a30c6826f861a300bbd83544711e8e 0.9839270199826238
[[129647   1751]
 [   514     37]]
38e6681bdcb353a835b2fee4c54f4fe6 0.9850581073602657
[[130142   1256]
 [   524     27]]
802dac986c713dceccc4831812ecbe3c 0.9851239669421488
[[130134   1264]
 [   524     27]]
db966c49073cc6094ce252951ec9418d 0.9853461344113188
[[129970   1428]
 [   522     29]]
2f0ccde09ea9affffa0f16637e5bff25 0.9861538461538462
[[129999   1399]
 [   524     27]]
2e9917ba1822c833f791b6e205b70cec 0.9863834422657952
[[130113   1285]
 [   526     25]]
8d534bb9b880f7a41dcf499cc28720d0 0.9864864864864865
[[129729   1669]
 [   521     30]]
097ea65e0ab962d31230169076505184 0.986905916585839
[[129887   1511]
 [   524     27]]
812171731b24d7f184ac727a1bb7c488 0.9878522837706512
[[129891   1507]
 [   526     25]]
5218ec8f045c99cfc66bbbbbd61c25c8 0.9886240520043337
[[130103   1295]
 [   530     21]]
793bca611ca9d783dd49ca8b1ef5e58d 0.9886685552407932
[[130184   1214]
 [   531     20]]
7f1f8aeb740f07e173fbe22dd5a4710b 0.9892876272094269
[[130082   1316]
 [   531     20]]
014e695cc6df96011b90a5beb3206012 0.9895046179680941
[[129567   1831]
 [   526     25]]
9cf5a445c045c26fbbcdd52ca14f34b3 0.9896004378762999
[[130122   1276]
 [   532     19]]
1810cb5e9488f6bb427f2f1d7870cdd0 0.9896030245746692
[[129833   1565]
 [   529     22]]
fdaa36b2af00504f6b77c05826a271c0 0.9898395721925134
[[130079   1319]
 [   532     19]]
db937456654d2465292c4daa947c95de 0.9898826386078511
[[129478   1920]
 [   526     25]]
vizinhos de Abarra shape:(140, 2)

<< ColabProcessaUsuariosVizinhos
14/09/2021 09:32:43 
>> ColabMontaMusCandidatas
14/09/2021 09:32:43 ColabVizinhosUserA shape (140, 2)
14/09/2021 09:32:43 ColabVizinhosUserAbarra shape (140, 2)
14/09/2021 09:32:43 
7 Melhores vizinhos de UserA:
14/09/2021 09:32:43 28c5b1d357cb414f140be7f2b662f5b3
14/09/2021 09:32:43 4112a2d73341b083607be0dbb918a9a0
14/09/2021 09:32:43 0ff9b681f4dfa0e263df690a81240089
14/09/2021 09:32:43 440335af03b7bf70932704f11dfc6849
14/09/2021 09:32:43 793bca611ca9d783dd49ca8b1ef5e58d
14/09/2021 09:32:43 0fcb39b49933824859a706f8c8c4b719
14/09/2021 09:32:43 7473dc79603d0536b2dba55f32c8e9d5
14/09/2021 09:32:43 
7 Melhores vizinhos de UserAbarra:
14/09/2021 09:32:43 c08f88e56ad2ee43da479aff3770dbfd
14/09/2021 09:32:43 868abb81ec7b9d234c6bd51f1854a4bb
14/09/2021 09:32:43 e0ab16b0f642ba9fb8cc4e90479014cf
14/09/2021 09:32:43 2f67baa8719b93c030618a6286c4b6f3
14/09/2021 09:32:43 e9df7a35882b1559d2d8843a54320604
14/09/2021 09:32:43 6bd5941ff0cde3dc28ed7f68a9ab0b8d
14/09/2021 09:32:43 5750a33e48cb55101414a254019c0687
14/09/2021 09:32:51 MusCandUserACurte shape: (2750, 2)
14/09/2021 09:32:51 MusInterseccaoVizinhoscomA shape: (81, 2)
14/09/2021 09:32:55 MusCandUserANaoCurte shape: (1796, 2)
14/09/2021 09:32:55 lista de Interseccao UserAbarra: 57
14/09/2021 09:32:55 
<< ColabMontaMusCandidatas
14/09/2021 14:23:46 
>> ColabMontaMusCandidatas
14/09/2021 14:23:46 ColabVizinhosUserA shape (140, 2)
14/09/2021 14:23:46 ColabVizinhosUserAbarra shape (140, 2)
14/09/2021 14:31:49 
>> ColabMontaMusCandidatas
14/09/2021 14:31:49 ColabVizinhosUserA shape (140, 2)
14/09/2021 14:31:49 ColabVizinhosUserAbarra shape (140, 2)
14/09/2021 14:31:49 
7 Melhores vizinhos de UserA:
14/09/2021 14:31:49 28c5b1d357cb414f140be7f2b662f5b3
14/09/2021 14:31:49 4112a2d73341b083607be0dbb918a9a0
14/09/2021 14:31:49 0ff9b681f4dfa0e263df690a81240089
14/09/2021 14:31:49 440335af03b7bf70932704f11dfc6849
14/09/2021 14:31:49 793bca611ca9d783dd49ca8b1ef5e58d
14/09/2021 14:31:49 0fcb39b49933824859a706f8c8c4b719
14/09/2021 14:31:49 7473dc79603d0536b2dba55f32c8e9d5
14/09/2021 14:31:49 
7 Melhores vizinhos de UserAbarra:
14/09/2021 14:31:49 c08f88e56ad2ee43da479aff3770dbfd
14/09/2021 14:31:49 868abb81ec7b9d234c6bd51f1854a4bb
14/09/2021 14:31:49 e0ab16b0f642ba9fb8cc4e90479014cf
14/09/2021 14:31:49 2f67baa8719b93c030618a6286c4b6f3
14/09/2021 14:31:49 e9df7a35882b1559d2d8843a54320604
14/09/2021 14:31:49 6bd5941ff0cde3dc28ed7f68a9ab0b8d
14/09/2021 14:31:49 5750a33e48cb55101414a254019c0687
14/09/2021 14:31:53 MusCandUserACurte shape: (2750, 2)
14/09/2021 14:31:53 MusInterseccaoVizinhoscomA shape: (81, 2)
14/09/2021 14:31:55 MusCandUserANaoCurte shape: (1796, 2)
14/09/2021 14:31:55 lista de Interseccao UserAbarra: 57
14/09/2021 14:31:55 
<< ColabMontaMusCandidatas
14/09/2021 14:42:47 
>> ColabMontaMusCandidatas
14/09/2021 14:42:47 ColabVizinhosUserA shape (140, 2)
14/09/2021 14:42:47 ColabVizinhosUserAbarra shape (140, 2)
14/09/2021 14:42:47 
7 Melhores vizinhos de UserA:
14/09/2021 14:42:47 28c5b1d357cb414f140be7f2b662f5b3 0.9706242350061199
14/09/2021 14:42:47 4112a2d73341b083607be0dbb918a9a0 0.9742612011439467
14/09/2021 14:42:47 0ff9b681f4dfa0e263df690a81240089 0.97610513739546
14/09/2021 14:42:47 440335af03b7bf70932704f11dfc6849 0.9778688524590164
14/09/2021 14:42:47 793bca611ca9d783dd49ca8b1ef5e58d 0.9779874213836478
14/09/2021 14:42:47 0fcb39b49933824859a706f8c8c4b719 0.9783393501805054
14/09/2021 14:42:47 7473dc79603d0536b2dba55f32c8e9d5 0.978401727861771
14/09/2021 14:42:47 
7 Melhores vizinhos de UserAbarra:
14/09/2021 14:42:47 c08f88e56ad2ee43da479aff3770dbfd 0.9715302491103203
14/09/2021 14:42:47 868abb81ec7b9d234c6bd51f1854a4bb 0.9726477024070022
14/09/2021 14:42:47 e0ab16b0f642ba9fb8cc4e90479014cf 0.9729032258064516
14/09/2021 14:42:47 2f67baa8719b93c030618a6286c4b6f3 0.9729323308270676
14/09/2021 14:42:47 e9df7a35882b1559d2d8843a54320604 0.9745403111739745
14/09/2021 14:42:47 6bd5941ff0cde3dc28ed7f68a9ab0b8d 0.9748110831234257
14/09/2021 14:42:47 5750a33e48cb55101414a254019c0687 0.9757174392935982
14/09/2021 14:42:50 MusCandUserACurte shape: (2750, 2)
14/09/2021 14:42:50 MusInterseccaoVizinhoscomA shape: (81, 2)
14/09/2021 14:42:52 MusCandUserANaoCurte shape: (1796, 2)
14/09/2021 14:42:52 lista de Interseccao UserAbarra: 57
14/09/2021 14:42:52 
<< ColabMontaMusCandidatas
14/09/2021 14:52:29 
>> ColabMontaMusCandidatas
14/09/2021 14:52:29 ColabVizinhosUserA shape (140, 2)
14/09/2021 14:52:29 ColabVizinhosUserAbarra shape (140, 2)
14/09/2021 14:52:29 
3 Melhores vizinhos de UserA:
14/09/2021 14:52:29 28c5b1d357cb414f140be7f2b662f5b3 0.9706242350061199
14/09/2021 14:52:29 4112a2d73341b083607be0dbb918a9a0 0.9742612011439467
14/09/2021 14:52:29 0ff9b681f4dfa0e263df690a81240089 0.97610513739546
14/09/2021 14:52:29 
3 Melhores vizinhos de UserAbarra:
14/09/2021 14:52:29 c08f88e56ad2ee43da479aff3770dbfd 0.9715302491103203
14/09/2021 14:52:29 868abb81ec7b9d234c6bd51f1854a4bb 0.9726477024070022
14/09/2021 14:52:29 e0ab16b0f642ba9fb8cc4e90479014cf 0.9729032258064516
14/09/2021 14:52:31 MusCandUserACurte shape: (525, 2)
14/09/2021 14:52:31 MusInterseccaoVizinhoscomA shape: (39, 2)
14/09/2021 14:52:32 MusCandUserANaoCurte shape: (805, 2)
14/09/2021 14:52:32 lista de Interseccao UserAbarra: 43
14/09/2021 14:52:32 
<< ColabMontaMusCandidatas
08/10/2021 08:33:41 
>> ColabMontaMusCandidatas
08/10/2021 08:33:41 ColabVizinhosUserA shape (140, 2)
08/10/2021 08:33:41 ColabVizinhosUserAbarra shape (140, 2)
08/10/2021 08:33:41 
6 Melhores vizinhos de UserA:
08/10/2021 08:33:41 28c5b1d357cb414f140be7f2b662f5b3 0.9706242350061199
08/10/2021 08:33:41 4112a2d73341b083607be0dbb918a9a0 0.9742612011439467
08/10/2021 08:33:41 0ff9b681f4dfa0e263df690a81240089 0.97610513739546
08/10/2021 08:33:41 440335af03b7bf70932704f11dfc6849 0.9778688524590164
08/10/2021 08:33:41 793bca611ca9d783dd49ca8b1ef5e58d 0.9779874213836478
08/10/2021 08:33:41 0fcb39b49933824859a706f8c8c4b719 0.9783393501805054
08/10/2021 08:33:41 
6 Melhores vizinhos de UserAbarra:
08/10/2021 08:33:41 c08f88e56ad2ee43da479aff3770dbfd 0.9715302491103203
08/10/2021 08:33:41 868abb81ec7b9d234c6bd51f1854a4bb 0.9726477024070022
08/10/2021 08:33:41 e0ab16b0f642ba9fb8cc4e90479014cf 0.9729032258064516
08/10/2021 08:33:41 2f67baa8719b93c030618a6286c4b6f3 0.9729323308270676
08/10/2021 08:33:41 e9df7a35882b1559d2d8843a54320604 0.9745403111739745
08/10/2021 08:33:41 6bd5941ff0cde3dc28ed7f68a9ab0b8d 0.9748110831234257
08/10/2021 08:37:17 MusCandUserACurte shape: (741, 2)
08/10/2021 08:39:11 
>> ColabMontaMusCandidatas
08/10/2021 08:39:11 ColabVizinhosUserA shape (140, 2)
08/10/2021 08:39:11 ColabVizinhosUserAbarra shape (140, 2)
08/10/2021 08:39:11 
6 Melhores vizinhos de UserA:
08/10/2021 08:39:11 28c5b1d357cb414f140be7f2b662f5b3 0.9706242350061199
08/10/2021 08:39:11 4112a2d73341b083607be0dbb918a9a0 0.9742612011439467
08/10/2021 08:39:11 0ff9b681f4dfa0e263df690a81240089 0.97610513739546
08/10/2021 08:39:11 440335af03b7bf70932704f11dfc6849 0.9778688524590164
08/10/2021 08:39:11 793bca611ca9d783dd49ca8b1ef5e58d 0.9779874213836478
08/10/2021 08:39:11 0fcb39b49933824859a706f8c8c4b719 0.9783393501805054
08/10/2021 08:39:11 
6 Melhores vizinhos de UserAbarra:
08/10/2021 08:39:11 c08f88e56ad2ee43da479aff3770dbfd 0.9715302491103203
08/10/2021 08:39:11 868abb81ec7b9d234c6bd51f1854a4bb 0.9726477024070022
08/10/2021 08:39:11 e0ab16b0f642ba9fb8cc4e90479014cf 0.9729032258064516
08/10/2021 08:39:11 2f67baa8719b93c030618a6286c4b6f3 0.9729323308270676
08/10/2021 08:39:11 e9df7a35882b1559d2d8843a54320604 0.9745403111739745
08/10/2021 08:39:11 6bd5941ff0cde3dc28ed7f68a9ab0b8d 0.9748110831234257
08/10/2021 08:39:14 MusCandUserACurte shape: (753, 2)
08/10/2021 08:39:14 MusInterseccaoVizinhoscomA shape: (42, 2)
08/10/2021 08:39:15 MusCandUserANaoCurte shape: (700, 2)
08/10/2021 08:39:15 lista de Interseccao UserAbarra: 40
08/10/2021 08:39:15 
<< ColabMontaMusCandidatas
