
>> ConteudoTreina

>> ConteudoTreina

>> ConteudoTreina

>> ConteudoTreina

>> ConteudoTreina
acuracias [0.7799227799227799, 0.8108108108108109, 0.8146718146718147, 0.8416988416988417, 0.7722007722007722]

<< ConteudoTreina

>> ConteudoTreina
acuracias [0.7461538461538462, 0.8153846153846154, 0.7846153846153846, 0.8076923076923077, 0.7923076923076923, 0.8449612403100775, 0.8372093023255814, 0.8294573643410853, 0.7829457364341085, 0.7674418604651163]

<< ConteudoTreina

>> ConteudoTreina
acuracias [0.7461538461538462, 0.8307692307692308, 0.8076923076923077, 0.8153846153846154, 0.7769230769230769, 0.8604651162790697, 0.8294573643410853, 0.8449612403100775, 0.7906976744186046, 0.7829457364341085]

<< ConteudoTreina

>> ConteudoTreina
acuracias [0.7538461538461538, 0.8153846153846154, 0.7846153846153846, 0.8, 0.7846153846153846, 0.8372093023255814, 0.813953488372093, 0.8449612403100775, 0.7829457364341085, 0.7751937984496124]

<< ConteudoTreina

>> ConteudoTreina
acuracias [0.7230769230769231, 0.8538461538461538, 0.8076923076923077, 0.823076923076923, 0.7846153846153846, 0.8372093023255814, 0.8217054263565892, 0.8449612403100775, 0.7906976744186046, 0.7441860465116279]

>> ConteudoTreina
acuracias [0.7384615384615385, 0.823076923076923, 0.7846153846153846, 0.8153846153846154, 0.8, 0.8527131782945736, 0.813953488372093, 0.8837209302325582, 0.751937984496124, 0.7596899224806202]

<< ConteudoTreina
