INFO:root:teste
INFO:root:teste
INFO:root:teste
INFO:root:teste
2021-08-13 10:39:38,844 teste
2021-08-13 10:40:12,349 NumExpr defaulting to 6 threads.
INFO:root:teste
INFO:root:teste
INFO:root:teste
INFO:root:teste
13/08/2021 10:46:06 teste
13/08/2021 10:47:27 NumExpr defaulting to 6 threads.
13/08/2021 10:51:14 teste
13/08/2021 10:51:14 teste
13/08/2021 10:57:53 NumExpr defaulting to 6 threads.
13/08/2021 10:58:51 teste                                  user_id  "artistname"  "trackname"  \
count                           12891550      12857982     12891465   
unique                             15918        289820      2032048   
top     4398de6902abde3351347b048fcdc287     Daft Punk        Intro   
freq                              295275         36086         6676   

        "playlistname"  
count         12890297  
unique          157500  
top            Starred  
freq           1337085  
13/08/2021 11:02:09 NumExpr defaulting to 6 threads.
13/08/2021 11:02:10 MusUsers shape inicial: (12891465, 3)
13/08/2021 11:02:19 MusUsers após remoção de linhas duplicadas (11403429, 3)
