13/08/2021 12:59:24 MusUsers shape inicial: (12891550, 3)
13/08/2021 12:59:27 NumExpr defaulting to 4 threads.
13/08/2021 12:59:44 MusUsers, removidas mus em branco e linhas duplicadas (11403429, 3)
13/08/2021 14:25:09 MusUsers shape inicial: (12891550, 3)
13/08/2021 14:25:13 NumExpr defaulting to 4 threads.
13/08/2021 14:25:27 MusUsers, removidas mus em branco e linhas duplicadas (11403429, 3)
14/08/2021 10:54:06 MusUsers shape inicial: (12891550, 3)
14/08/2021 10:54:09 NumExpr defaulting to 4 threads.
14/08/2021 10:54:22 MusUsers, removidas mus em branco e linhas duplicadas (11403429, 3)
18/08/2021 17:45:00 MusUsers shape inicial: (12891550, 3)
18/08/2021 17:47:48 NumExpr defaulting to 6 threads.
18/08/2021 17:47:57 MusUsers, removidas mus em branco e linhas duplicadas (11403429, 3)
18/08/2021 17:48:26 MusUsers, removidas mus em branco e linhas duplicadas (11403429, 3)
18/08/2021 17:54:49 MusUsers, removidas mus em branco e linhas duplicadas (11403429, 3)
18/08/2021 17:55:25 MusUsers, removidas mus em branco e linhas duplicadas (11403429, 3)
18/08/2021 17:55:43 MusUsers, removidas mus em branco e linhas duplicadas (11403429, 3)
18/08/2021 18:01:43 MusUsers shape inicial: (12891550, 3)
18/08/2021 18:02:18 NumExpr defaulting to 6 threads.
18/08/2021 18:02:27 MusUsers, removidas mus em branco e linhas duplicadas (11403429, 3)
18/08/2021 18:02:56 MusUsers, removidas mus em branco e linhas duplicadas (11403429, 3)
18/08/2021 18:03:42 MusUsers, removidas mus em branco e linhas duplicadas (11403429, 3)
18/08/2021 18:04:07 MusUsers, removidas mus em branco e linhas duplicadas (11403429, 3)
18/08/2021 18:04:35 MusUsers, removidas mus em branco e linhas duplicadas (11403429, 3)
18/08/2021 18:05:39 MusUsers, removidas mus em branco e linhas duplicadas (11403429, 3)
18/08/2021 18:05:57 MusUsers, removidas mus em branco e linhas duplicadas (11403429, 3)
18/08/2021 18:06:20 MusUsers, removidas mus em branco e linhas duplicadas (11403429, 3)
18/08/2021 18:13:13 NumExpr defaulting to 6 threads.
18/08/2021 18:14:26 MusUsers shape inicial: (12891550, 2)
18/08/2021 18:20:16 MusUsers shape inicial: (12891550, 4)
18/08/2021 18:20:18 NumExpr defaulting to 6 threads.
18/08/2021 18:22:30 MusUsers, removidas mus em branco, criada interpretacao e removidas linhas duplicadas (11375851, 2)
18/08/2021 18:23:12 MusUsers, removidas mus em branco, criada interpretacao e removidas linhas duplicadas (11375851, 2)
18/08/2021 18:28:35 MusUsers shape inicial: (12891550, 4)
18/08/2021 18:28:37 NumExpr defaulting to 6 threads.
18/08/2021 18:28:54 MusUsers, removidas mus em branco, criada interpretacao e removidas linhas duplicadas (11375851, 2)
19/08/2021 13:53:58 MusUsers shape inicial: (12891550, 4)
19/08/2021 13:54:02 NumExpr defaulting to 4 threads.
19/08/2021 13:54:32 MusUsers, removidas mus em branco, criada interpretacao e removidas linhas duplicadas (11375851, 2)
20/08/2021 15:38:38 >> GetAudioFeatures
20/08/2021 15:38:40 GetAudioFeatures: spotify600k_tracks shape = (586672, 13)
20/08/2021 15:38:40 GetAudioFeatures: AudioFeatures shape = (586672, 13)
20/08/2021 15:38:41 << GetAudioFeatures
20/08/2021 15:38:44 >> Filtra Users
20/08/2021 15:38:51 NumExpr defaulting to 4 threads.
20/08/2021 15:39:04 dfMusUsers describe                                   userid       interpretacao
count                           11375851            11374040
unique                             15918             2790780
top     4398de6902abde3351347b048fcdc287  M83:>Midnight City
freq                              248007                1890
20/08/2021 15:39:06 contagem de users                nrows
count   15918.000000
mean      714.653286
std      2480.052238
min         1.000000
25%        88.000000
50%       334.000000
75%       794.000000
max    248007.000000
20/08/2021 15:39:19 dfMusUsers describe apos filtro                                   userid       interpretacao
count                            8023558             8021957
unique                             12343             1948681
top     bee933a25df732259e0a9d55d161f1b5  M83:>Midnight City
freq                                3188                1714
20/08/2021 15:39:27 << Filtra Users
20/08/2021 16:04:16 >> GetAudioFeatures
20/08/2021 16:04:19 GetAudioFeatures: spotify600k_tracks shape = (586672, 13)
20/08/2021 16:04:19 GetAudioFeatures: AudioFeatures shape = (586672, 13)
20/08/2021 16:04:19 << GetAudioFeatures
20/08/2021 16:04:23 >> Filtra Users
20/08/2021 16:04:30 NumExpr defaulting to 4 threads.
20/08/2021 16:04:43 dfMusUsers describe                                   userid       interpretacao
count                           11375851            11374040
unique                             15918             2790780
top     4398de6902abde3351347b048fcdc287  M83:>Midnight City
freq                              248007                1890
20/08/2021 16:04:45 contagem de users                nrows
count   15918.000000
mean      714.653286
std      2480.052238
min         1.000000
25%        88.000000
50%       334.000000
75%       794.000000
max    248007.000000
20/08/2021 16:04:58 dfMusUsers describe apos filtro                                   userid       interpretacao
count                            8023558             8021957
unique                             12343             1948681
top     bee933a25df732259e0a9d55d161f1b5  M83:>Midnight City
freq                                3188                1714
20/08/2021 16:05:05 << Filtra Users
20/08/2021 16:05:10 >> FiltraAudioFeatures
20/08/2021 16:05:10 NumExpr defaulting to 4 threads.
20/08/2021 16:05:10 AudioFeatures com duration_ms > 30 seg = (586431, 13)
20/08/2021 16:05:10 UserAAudioFeatures com duration_ms > 30 seg = (746, 14)
20/08/2021 16:05:10 UserAbarraAudioFeatures com duration_ms > 30 seg = (553, 14)
20/08/2021 16:05:10 AudioFeatures (586431, 13)
20/08/2021 16:05:10 AudioFeaturesUserA (746, 14)
20/08/2021 16:05:10 AudioFeaturesUserAbarra (553, 14)
20/08/2021 16:05:10 AudioFeatures antes de filtro = (586431, 13)
20/08/2021 16:05:10 AudioFeatures com speechiness < 0,6 = (562961, 13)
20/08/2021 16:05:10 AudioFeatures sem loudness = (562961, 12)
20/08/2021 16:05:10 AudioFeaturesUserA sem loudness = (746, 13)
20/08/2021 16:05:10 AudioFeaturesUserAbarra sem loudness = (553, 13)
20/08/2021 16:05:18 << FiltraAudioFeatures
20/08/2021 16:29:51 >> GetAudioFeatures
20/08/2021 16:29:53 GetAudioFeatures: spotify600k_tracks shape = (586672, 13)
20/08/2021 16:29:53 GetAudioFeatures: AudioFeatures shape = (586672, 13)
20/08/2021 16:29:53 << GetAudioFeatures
20/08/2021 16:29:57 >> Filtra Users
20/08/2021 16:30:04 NumExpr defaulting to 4 threads.
20/08/2021 16:30:17 dfMusUsers describe                                   userid       interpretacao
count                           11375851            11374040
unique                             15918             2790780
top     4398de6902abde3351347b048fcdc287  M83:>Midnight City
freq                              248007                1890
20/08/2021 16:30:20 contagem de users                nrows
count   15918.000000
mean      714.653286
std      2480.052238
min         1.000000
25%        88.000000
50%       334.000000
75%       794.000000
max    248007.000000
20/08/2021 16:30:33 dfMusUsers describe apos filtro                                   userid       interpretacao
count                            8023558             8021957
unique                             12343             1948681
top     bee933a25df732259e0a9d55d161f1b5  M83:>Midnight City
freq                                3188                1714
20/08/2021 16:30:41 << Filtra Users
